<?xml version="1.0" encoding="UTF-8"?>
<testng-results ignored="0" total="3" passed="3" failed="0" skipped="0">
  <reporter-output>
  </reporter-output>
  <suite started-at="2024-02-20T10:55:41 GMT" name="Suite" finished-at="2024-02-20T10:56:13 GMT" duration-ms="32665">
    <groups>
    </groups>
    <test started-at="2024-02-20T10:55:41 GMT" name="Test" finished-at="2024-02-20T10:56:13 GMT" duration-ms="32665">
      <class name="Beauty.Loreal_Test">
        <test-method signature="demo()[pri:0, instance:Beauty.Loreal_Test@ec756bd]" started-at="2024-02-20T10:55:59 GMT" name="demo" finished-at="2024-02-20T10:56:06 GMT" duration-ms="7132" status="PASS">
          <reporter-output>
          </reporter-output>
        </test-method> <!-- demo -->
      </class> <!-- Beauty.Loreal_Test -->
      <class name="Beauty.Lakme_Test">
        <test-method signature="demo()[pri:0, instance:Beauty.Lakme_Test@358ee631]" started-at="2024-02-20T10:55:41 GMT" name="demo" finished-at="2024-02-20T10:55:59 GMT" duration-ms="18041" status="PASS">
          <reporter-output>
          </reporter-output>
        </test-method> <!-- demo -->
      </class> <!-- Beauty.Lakme_Test -->
      <class name="Beauty.Maybell_Test">
        <test-method signature="demo()[pri:0, instance:Beauty.Maybell_Test@3c72f59f]" started-at="2024-02-20T10:56:06 GMT" name="demo" finished-at="2024-02-20T10:56:13 GMT" duration-ms="7401" status="PASS">
          <reporter-output>
          </reporter-output>
        </test-method> <!-- demo -->
      </class> <!-- Beauty.Maybell_Test -->
    </test> <!-- Test -->
  </suite> <!-- Suite -->
</testng-results>
